{"src\\appFiles\\HelloWorld.js":{"path":"src\\appFiles\\HelloWorld.js","s":{"1":1,"2":1,"3":1,"4":0,"5":1,"6":1,"7":1,"8":1,"9":1,"10":0,"11":0,"12":1,"13":0,"14":0,"15":0},"b":{},"f":{"1":1,"2":0,"3":1,"4":1,"5":0,"6":0,"7":0,"8":0},"fnMap":{"1":{"name":"sayHello","line":3,"loc":{"start":{"line":3,"column":0},"end":{"line":3,"column":20}}},"2":{"name":"dontParse","line":8,"loc":{"start":{"line":8,"column":0},"end":{"line":8,"column":21}}},"3":{"name":"checkTotal","line":13,"loc":{"start":{"line":13,"column":0},"end":{"line":13,"column":26}}},"4":{"name":"checkDiff","line":19,"loc":{"start":{"line":19,"column":0},"end":{"line":19,"column":25}}},"5":{"name":"provideName","line":24,"loc":{"start":{"line":24,"column":0},"end":{"line":24,"column":23}}},"6":{"name":"(anonymous_6)","line":25,"loc":{"start":{"line":25,"column":16},"end":{"line":25,"column":28}}},"7":{"name":"getFullName","line":31,"loc":{"start":{"line":31,"column":0},"end":{"line":31,"column":23}}},"8":{"name":"(anonymous_8)","line":35,"loc":{"start":{"line":35,"column":16},"end":{"line":35,"column":28}}}},"statementMap":{"1":{"start":{"line":3,"column":0},"end":{"line":5,"column":1}},"2":{"start":{"line":4,"column":4},"end":{"line":4,"column":27}},"3":{"start":{"line":8,"column":0},"end":{"line":10,"column":1}},"4":{"start":{"line":9,"column":4},"end":{"line":9,"column":36}},"5":{"start":{"line":13,"column":0},"end":{"line":15,"column":1}},"6":{"start":{"line":14,"column":4},"end":{"line":14,"column":17}},"7":{"start":{"line":19,"column":0},"end":{"line":21,"column":1}},"8":{"start":{"line":20,"column":4},"end":{"line":20,"column":17}},"9":{"start":{"line":24,"column":0},"end":{"line":28,"column":1}},"10":{"start":{"line":25,"column":4},"end":{"line":27,"column":12}},"11":{"start":{"line":26,"column":8},"end":{"line":26,"column":22}},"12":{"start":{"line":31,"column":0},"end":{"line":38,"column":1}},"13":{"start":{"line":32,"column":4},"end":{"line":32,"column":20}},"14":{"start":{"line":35,"column":4},"end":{"line":37,"column":13}},"15":{"start":{"line":36,"column":8},"end":{"line":36,"column":42}}},"branchMap":{}}}